9781713884583
9781634395359
9781627486071
9781622767137
9781622767106
9781615677511
9781604237115
9781605600956
9781604239331
9781615677535
9781615678945
9781615676477
9781615678983
9781618396020
9781629935249
9781622764068
9781629930718
9781632665348
9781604237511
9781713800750
9781510891098
9781617388095
9781622764914
9781510838741
9781617388088
9781617388255
9781618391117
9781510827592
9781510845688
9781510867062
9781510890961
9781713867210
9781713867227
9781713881735
9781713881773
9781632660138
9781622760428
9781632663962
9781713812524
9781510825178
9781713800828
9781713800767
9781618392343
9781510827660
9781510845732
9781510867109
9781510827646
9781713891048
9781510874213
9781510891050
9781617386855
9781510867192
9781617385247
9781618392466
9781622765980
9781510831841
9781510847606
9781510877573
9781617385612
9781713889908
9781713889892
9781713889915
9781617386732
9781510836655
9781510881310
9781510881327
9781627483919
9781627483902
9781634391979
9781510833388
9781510869066
9781510887824
9781713891765
9781713861508
9781713885986
9781627484015
9781617388149
9781713890485
9781713890423
9781634396776
9781510887657
9781510825239
9781713812562
9781510852983
9781713800774
9781510852990
9781713867340
9781713882268
9781510867185
9781617384592
9781618391100
9781634394789
9781510811942
9781510831544
9781510847453
9781510874169
9781713800682
9781713885917
9781510887800
9781622765997
9781510833302
9781622765737
9781617384950
9781510863675
9781713800736
9781713800835
9781510874237
9781617385063
9781510855472
9781713802990
9781634392112
9781510869073
9781713812500
9781622765041
9781632666215
9781634392051
9781622764617
9781713812685
9781713861270
9781713867463
9781627489973
9781510847583
9781510892903
9781510892910
9781510887770
9781510892484
9781618392534
9781510892453
9781510831155
9781713891451
9781713890041
9781510804333
9781510838710
9781622765058
9781634392204
9781713861935
9781713886068
9781622765508
9781510855229
9781510813274
9781622765119
9781629935553
9781510813281
9781713873877
9781713800781
9781510874251
9781634396271
9781617385650
9781634392297
9781713867524
9781510838703
9781634392075
9781622764419
9781629935478
9781510833173
9781510887701
9781622765515
9781622764990
9781627489874
9781632667526
9781510811560
9781510830141
9781510848603
9781510868540
9781618392541
9781629935409
9781510887718
9781713867517
9781622765966
9781617385155
9781713861911
9781713873853
9781510867307
9781617384585
9781510867284
9781713812753
9781510867291
9781510826816
9781510826823
9781510826830
9781510847576
9781622764907
9781510842137
9781510827691
9781604233810
9781713820598
9781713856535
9781627485753
9781634391542
9781510810181
9781510827974
9781510846609
9781510869608
9781510835672
9781510842748
9781510894389
9781510897403
9781510897434
9781713814177
9781510832206
9781510863330
9781510860568
9781510813472
9781510819047
9781510828070
9781510850743
9781510898738
9781629932262
9781510824423
9781510854796
9781510833890
9781713835509
9781510823815
9781510841222
9781510864702
9781713824596
9781510818033
9781510836006
9781510819061
9781510832176
9781510888944
9781510898882
9781510835443
9781510806450
9781510835368
9781510832152
9781510849563
9781510849556
9781713802273
9781510864153
9781510899452
9781510818002
9781510823785
9781510823822
9781510833999
9781510838918
9781510873919
9781510882096
9781510826106
9781629930855
9781634399746
9781713802464
9781510807631
9781629939773
9781632665737
9781629939865
9781629932170
9781510845541
9781510889019
9781629932286
9781510858688
9781510899407
9781713827573
9781510853324
9781510896109
9781510892316
9781713824527
9781713802808
9781510847415
9781510854802
9781510892224
9781510891524
9781634393362
9781510892262
9781510864733
9781510897489
9781510833951
9781634390163
9781510894396
9781510854819
9781510894297
9781510818958
9781510846982
9781632665768
9781510806528
9781510840324
9781510869851
9781510856608
9781510823778
9781510882584
9781510820500
9781510848801
9781510856585
9781510899445
9781629939827
9781510825109
9781510839540
9781632663726
9781629939810
9781632663160
9781510819054
9781510864221
9781510899612
9781510830066
9781510834309
9781629939902
9781510800656
9781629939728
9781510835450
9781510845558
9781510876989
9781629939896
9781713802853
9781510813496
9781510818941
9781713841166
9781713814573
9781510844513
9781510868748
9781713867081
9781510849570
9781629939919
9781510830080
9781510846432
9781510888913
9781510814462
9781510879270
9781510838529
9781510819030
9781510832183
9781510818026
9781510814486
9781510871021
9781510863064
9781510832190
9781510848047
9781510823723
9781510829039
9781510840683
9781510830387
9781510805743
9781510811980
9781510839557
9781510870604
9781629939674
9781510899469
9781713831525
9781510837348
9781510898769
9781510864719
9781510828063
9781510848030
9781713842019
9781510897502
9781713831198
9781510814820
9781713866084
9781632665720
9781510835597
9781510836570
9781615673377
9781622765768
9781629933283
9781510808126
9781604238105
9781617827518
9781510852099
9781627480017
9781617380310
9781622762699
9781617823671
9781617823640
9781615672769
9781617386497
9781618390745
9781622761739
9781627484701
9781510889774
9781713833727
9781713862277
9781713874829
9781510830783
9781713862154
9781713880202
9781510872226
9781510893726
9781510868366
9781713809623
9781713810032
9781510868373
9781510878129
9781510877986
9781510878136
9781510878150
9781510878112
9781632665782
9781622768196
9781622768189
9781622763641
9781629934921
9781629934372
9781510817456
9781510834781
9781510877399
9781713803232
9781713884033
9781713815686
9781713815648
9781713816270
9781713816263
9781713816287
9781713816430
9781713816447
9781713816690
9781713816737
9781713816379
9781510869936
9781713837091
9781629939506
9781713883319
9781713841838
9781713859437
9781713883364
9781510851924
9781713824015
9781713866237
9781713888161
9781510835078
9781510831667
9781510849686
9781510872929
9781510894228
9781510850507
9781510853799
9781510879058
9781510871823
9781510890718
9781713824435
9781713838944
9781713808312
9781713873389
9781713873440
9781510899315
9781510892668
9781713817918
9781510861978
9781713817932
9781713883678
9781713808879
9781713883289
9781713838982
9781713852605
9781510861039
9781713829294
9781510832800
9781510847422
9781632662811
9781510871199
9781510880665
9781713859130
9781510874879
9781510873087
9781713870562
9781713888185
9781713817925
9781510857254
9781627481649
9781510801363
9781627485876
9781510849907
9781510807839
9781510831629
9781510814806
9781627485227
9781510873612
9781627488181
9781629936635
9781510812161
9781632665577
9781713815952
9781510852259
9781510805897
9781510840461
9781632663474
9781713827689
9781627485234
9781627486347
9781629935652
9781629935669
9781629935621
9781629935638
9781629935645
9781634393584
9781510807891
9781510830110
9781510803039
9781713806523
9781510848887
9781627488242
9781713872597
9781510840904
9781713814597
9781510807822
9781713862932
9781510801943
9781510820807
9781627486903
9781634392440
9781632668967
9781510858701
9781510861497
9781627487313
9781713806516
9781627485791
9781627488037
9781510823976
9781627484411
9781627484299
9781617828645
9781629931647
9781510828674
9781510872905
9781713823995
9781713864028
9781510835047
9781713818564
9781510823228
9781510866065
9781510832305
9781713807865
9781713864103
9781510818293
9781510867789
9781617827617
9781617825538
9781510819313
9781510832336
9781510876866
9781713807858
9781622762217
9781510818194
9781713839064
9781618396198
9781617380273
9781622763696
9781510818262
9781510870765
9781713839040
9781510866096
9781713859345
9781617828768
9781510835054
9781622763689
9781510818224
9781510866072
9781713839675
9781510827516
9781713853657
9781510823235
9781510819245
9781713865124
9781510828667
9781713807551
9781510818279
9781617828775
9781510819337
9781510875661
9781713807803
9781713839651
9781713865148
9781510833586
9781713807490
9781713860709
9781510828100
9781634399432
9781634399456
9781510807662
9781510812833
9781510881730
9781634395649
9781634395656
9781634395663
9781634395670
9781634395687
9781634395694
9781510812789
9781510850231
9781510809567
9781510890541
9781510843455
9781617389603
9781627481137
9781510849358
9781510817814
9781510873810
9781627488365
9781634396257
9781622760978
9781622760961
9781510860490
9781510860483
9781510860452
9781510860841
9781510860773
9781510860742
9781510860865
9781510860803
9781634396134
9781618393005
9781618398512
9781604236590
9781604239386
9781604239911
9781604238167
9781618390790
9781604238532
9781510872646
9781510897298
9781510885271
9781510895140
9781510895133
9781510895188
9781509009398
9781479947577
9781665407205
9781665492799
9781467303996
9781467360005
9781479933457
9781479981557
9781509012589
9781509049585
9781538648537
9781728112596
9781728158648
9781665430296
9781665484893
9798350310924
9781424402465
9781424421213
9781424469543
9781467320962
9781728143101
9781665406147
9781424427611
9781424498871
9781467359245
9781479945511
9781728197548
9798350309935
9781467389860
9781538606223
9781665424219
9781538646106
9781538683187
9788955191356
9788955191387
9781424454273
9781424488308
9781467301503
9781479932177
9781467381161
9781509016969
9781509048922
9781665410557
9781467331487
9781538653685
9781665448208
9781665466479
9798350311686
9781728104515
9781457716881
9781467330268
9781479924899
9781479980765
9781509003648
9781509046300
9781538631737
9781728101361
9781728152936
9781728192802
9781665442657
9781665489379
9781665442459
9781665481816
9798350317541
9781479935079
9781479964390
9781467392075
9781467304719
9781467359658
9781479949083
9781479984893
9781538623909
9781467365109
9781538669129
9781424407156
9781424431175
9781665495165
9781479914852
9781665471756
9781509043989
9798350334456
9781538673294
9781728137308
9781665446778
9781665417426
9781424451500
9781424485994
9781457704710
9781612843131
9781479942985
9781467347914
9781467391085
9781509020669
9781509060016
9781424428526
9781424480319
9781457708381
9781467325752
9781467353199
9781479957378
9781538618554
9781728124940
9781728167954
9781665441407
9781665413091
9781665476348
9781424432240
9781424430512
9781424436941
9781509038701
9781424402489
9781424409327
9781424422364
9781479958696
9781467351300
9781479914753
9781509002948
9781509021949
9781538623480
9781538681350
9781728192918
9781665448949
9781665473415
9781509025664
9781728118154
9798350306675
9781538648452
9781728131771
9781665449540
9781665483520
9781665464253
9781728100654
9781665445962
9781665483070
9798350300185
9781665451543
9798350328370
9781479954766
9781509030842
9781538674918
9781665446167
9781665469807
9781424485741
9781467311977
9781612844084
9781509066353
9781538644508
9798350321036
9781728113180
9781728163574
9781665427364
9781665429665
9781424406487
9781424438143
9781424484003
9781728101026
9781457705076
9781467359795
9781479975150
9781728198002
9781665406673
9798350332636
9781424447558
9781424483105
9781457708442
9781467324991
9781538609279
9781509025770
9781538644867
9781728132518
9781728163635
9781728155241
9781479908547
9781467369954
9781538638538
9781728123875
9781728197869
9781665474405
9781665426350
9781538621394
9781424432158
9781479922079
9781479963942
9781728156699
9781665478755
9781665463584
9798350333824
9781467320429
9781424444267
9781424472758
9781424445998
9781424477876
9781612847580
9781728185873
9781728144535
9781665433907
9781538653128
9781479906321
9781665459099
9781538605646
9781728138893
9781665400206
9781467307352
9781509060757
9781665436335
9781665454735
9781424429257
9781467346535
9781467302906
9781479922260
9781467384797
9781538613399
9781424443956
9781665413893
9781467304610
9781424469062
9781467317993
9781538673034
9781665418133
9781424401628
9781424421923
9781424467310
9781612846316
9781467321440
9781479911097
9781479971206
9781424434275
9781424452040
9781424480258
9781424472666
9781612849744
9781467316873
9781479903764
9781479942800
9781467378833
9781509007639
9781538628683
9781538670149
9781728138442
9780769525563
9780769529028
9781424444380
9781467364218
9780769533896
9781424475261
9781457705311
9781467320016
9781424431335
9781538667415
9781728116150
9781728194073
9781665435352
9781665474719
9798350328158
9781665458252
9798350320572
9781424436781
9781457706929
9781479909704
9781479974511
9781538616338
9781728111247
9781665448710
9798350323733
9781424418978
9781728128757
9781728189406
9781538671870
9781509053353
9781509043118
9781538648575
9781728115184
9781728162850
9781665434478
9798350321708
9781728146331
9781424444779
9781538638248
9789536037506
9781612849980
9781479921058
9781509049998
9781728155159
9798350313024
9781538667279
9781728130194
9781457701962
9781467359283
9781479934423
9781479982226
9781467387415
9781509056569
9781424464227
9781424474295
9781665497053
9781538647738
9781728102511
9781728131504
9781728180540
9798350319873
9781424438013
9781538694695
9781538677261
9781479956449
9781728100760
9781728169248
9781665470353
9798350312416
9781538653760
9781538629956
9781467388429
9781424407132
9781424447824
9781457712159
9781467343541
9781424480845
9781467385435
9781424466337
9781467345859
9781479964239
9781509032297
9781728131115
9781665446334
9781467344258
9781479951079
9781479963706
9781467391283
9781467390743
9781538635650
9781728146775
9781424486502
9781457719288
9781665472869
9781424491278
9781538638668
9781479916399
9781479965342
9781467366342
9781509066063
9781509063871
9781728143880
9781457714542
9781467326964
9781728199870
9781665417334
9781728146928
9781665454582
9781665408912
9781665491266
9781665432689
9781665475846
9781728191478
9781665430418
9781665493055
9781538618813
9781538668795
9781728130422
9781665417273
9781665491655
9798350318449
9798350325546
9781665446945
9781538684498
9781728184210
9781665438421
9798350309850
9781665432610
9781665424837
9781467391887
9781467314787
9781728144597
9781665442916
9798350320756
9781424498338
9781479988198
9781728195384
9781665499033
9781538692707
9781728156057
9781728174648
9781665432269
9781665457262
9781538678855
9781728118123
9798350334111
9781665424912
9781479932528
9781479976010
